<?xml version="1.0" encoding="UTF-8"?>
<testng-results ignored="0" total="1" passed="1" failed="0" skipped="0">
  <reporter-output>
  </reporter-output>
  <suite started-at="2023-12-09T13:21:30 IST" name="Default suite" finished-at="2023-12-09T13:22:40 IST" duration-ms="69971">
    <groups>
      <group name="cucumber">
        <method signature="AbstractTestNGCucumberTests.runScenario(io.cucumber.testng.PickleWrapper,io.cucumber.testng.FeatureWrapper)[pri:0, instance:com.ecommerce.runners.TestNGRunner@f1da57d]" name="runScenario" class="io.cucumber.testng.AbstractTestNGCucumberTests"/>
      </group> <!-- cucumber -->
    </groups>
    <test started-at="2023-12-09T13:21:30 IST" name="Default test" finished-at="2023-12-09T13:22:40 IST" duration-ms="69971">
      <class name="com.ecommerce.runners.TestNGRunner">
        <test-method is-config="true" signature="setUpClass(org.testng.ITestContext)[pri:0, instance:com.ecommerce.runners.TestNGRunner@f1da57d]" started-at="2023-12-09T13:21:30 IST" name="setUpClass" finished-at="2023-12-09T13:21:32 IST" duration-ms="1263" status="PASS">
          <params>
            <param index="0">
              <value>
                <![CDATA[org.testng.TestRunner@40b8158d]]>
              </value>
            </param>
          </params>
          <reporter-output>
          </reporter-output>
        </test-method> <!-- setUpClass -->
        <test-method signature="runScenario(io.cucumber.testng.PickleWrapper,io.cucumber.testng.FeatureWrapper)[pri:0, instance:com.ecommerce.runners.TestNGRunner@f1da57d]" started-at="2023-12-09T13:21:32 IST" name="runScenario" description="Runs Cucumber Scenarios" data-provider="scenarios" finished-at="2023-12-09T13:22:36 IST" duration-ms="64584" status="PASS">
          <params>
            <param index="0">
              <value>
                <![CDATA["User submits the Contact Us"]]>
              </value>
            </param>
            <param index="1">
              <value>
                <![CDATA["Contact Us Form Submission"]]>
              </value>
            </param>
          </params>
          <reporter-output>
          </reporter-output>
        </test-method> <!-- runScenario -->
        <test-method is-config="true" signature="tearDownClass()[pri:0, instance:com.ecommerce.runners.TestNGRunner@f1da57d]" started-at="2023-12-09T13:22:36 IST" name="tearDownClass" finished-at="2023-12-09T13:22:40 IST" duration-ms="4027" status="PASS">
          <reporter-output>
          </reporter-output>
        </test-method> <!-- tearDownClass -->
      </class> <!-- com.ecommerce.runners.TestNGRunner -->
    </test> <!-- Default test -->
  </suite> <!-- Default suite -->
</testng-results>
